Reading netlist file: "/home/muheet/tang_tangnano/TangNano-9K-example/picotiny/picotiny/project/impl/gwsynthesis/picotiny.vg"
Parsing netlist file "/home/muheet/tang_tangnano/TangNano-9K-example/picotiny/picotiny/project/impl/gwsynthesis/picotiny.vg" completed
Processing netlist completed
Reading constraint file: "/home/muheet/tang_tangnano/TangNano-9K-example/picotiny/picotiny/project/picotiny.cst"
Physical Constraint parsed completed
Running placement......
[10%] Placement Phase 0 completed
[20%] Placement Phase 1 completed
[30%] Placement Phase 2 completed
[50%] Placement Phase 3 completed
Running routing......
[60%] Routing Phase 0 completed
[70%] Routing Phase 1 completed
[80%] Routing Phase 2 completed
[90%] Routing Phase 3 completed
Running timing analysis......
[95%] Timing analysis completed
Placement and routing completed
Bitstream generation in progress......
Bitstream generation completed
Running power analysis......
[100%] Power analysis completed
Generate file "/home/muheet/tang_tangnano/TangNano-9K-example/picotiny/picotiny/project/impl/pnr/picotiny.power.html" completed
Generate file "/home/muheet/tang_tangnano/TangNano-9K-example/picotiny/picotiny/project/impl/pnr/picotiny.pin.html" completed
Generate file "/home/muheet/tang_tangnano/TangNano-9K-example/picotiny/picotiny/project/impl/pnr/picotiny.rpt.html" completed
Generate file "/home/muheet/tang_tangnano/TangNano-9K-example/picotiny/picotiny/project/impl/pnr/picotiny.rpt.txt" completed
Generate file "/home/muheet/tang_tangnano/TangNano-9K-example/picotiny/picotiny/project/impl/pnr/picotiny.tr.html" completed
Sat Oct  5 23:23:52 2024

